target/gluonfx/aarch64-android/gvm/android_project/app/build/intermediates/manifest_merge_blame_file/debug/processDebugMainManifest/manifest-merger-blame-debug-report.txt
1<?xml version="1.0" encoding="utf-8"?>
2<manifest xmlns:android="http://schemas.android.com/apk/res/android"
3    package="com.loancalc.gluonsingleviewproject"
4    android:versionCode="1"
5    android:versionName="1.0" >
6
7    <uses-sdk
8        android:minSdkVersion="21"
9        android:targetSdkVersion="34" />
10
11    <supports-screens android:xlargeScreens="true" />
11-->src/main/AndroidManifest.xml:3:5-53
11-->src/main/AndroidManifest.xml:3:23-51
12
13    <uses-permission android:name="android.permission.INTERNET" />
13-->src/main/AndroidManifest.xml:4:5-66
13-->src/main/AndroidManifest.xml:4:22-64
14    <uses-permission android:name="android.permission.READ_EXTERNAL_STORAGE" />
14-->[Storage.aar] AndroidManifest.xml:8:5-80
14-->[Storage.aar] AndroidManifest.xml:8:22-77
15    <uses-permission android:name="android.permission.WRITE_EXTERNAL_STORAGE" />
15-->[Storage.aar] AndroidManifest.xml:9:5-81
15-->[Storage.aar] AndroidManifest.xml:9:22-78
16
17    <application
17-->src/main/AndroidManifest.xml:6:5-17:19
18        android:appComponentFactory="androidx.core.app.CoreComponentFactory"
18-->[androidx.core:core:1.0.0] AndroidManifest.xml:22:18-86
19        android:debuggable="true"
20        android:extractNativeLibs="true"
21        android:icon="@mipmap/ic_launcher"
21-->src/main/AndroidManifest.xml:6:58-92
22        android:label="Gluon-SingleViewProject"
22-->src/main/AndroidManifest.xml:6:18-57
23        android:requestLegacyExternalStorage="true" >
23-->[Storage.aar] AndroidManifest.xml:11:18-61
24        <activity
24-->src/main/AndroidManifest.xml:7:9-14:20
25            android:name="com.gluonhq.helloandroid.MainActivity"
25-->src/main/AndroidManifest.xml:7:19-71
26            android:configChanges="orientation|keyboardHidden"
26-->src/main/AndroidManifest.xml:9:19-69
27            android:exported="true" >
27-->src/main/AndroidManifest.xml:8:19-42
28            <intent-filter>
28-->src/main/AndroidManifest.xml:10:14-13:30
29                <category android:name="android.intent.category.LAUNCHER" />
29-->src/main/AndroidManifest.xml:11:17-76
29-->src/main/AndroidManifest.xml:11:27-74
30
31                <action android:name="android.intent.action.MAIN" />
31-->src/main/AndroidManifest.xml:12:17-68
31-->src/main/AndroidManifest.xml:12:25-66
32            </intent-filter>
33        </activity>
34        <activity
34-->src/main/AndroidManifest.xml:15:9-16:44
35            android:name="com.gluonhq.helloandroid.PermissionRequestActivity"
35-->src/main/AndroidManifest.xml:15:19-84
36            android:exported="true" />
36-->src/main/AndroidManifest.xml:16:19-42
37    </application>
38
39</manifest>